TN:
SF:src\adapters\MendixDataAdapter.ts
FN:23,(anonymous_7)
FN:28,(anonymous_8)
FN:76,(anonymous_9)
FN:77,(anonymous_10)
FN:98,(anonymous_11)
FN:102,(anonymous_12)
FN:104,(anonymous_13)
FN:106,(anonymous_14)
FN:108,(anonymous_15)
FN:146,(anonymous_16)
FN:154,(anonymous_18)
FN:161,(anonymous_19)
FN:166,(anonymous_20)
FN:180,(anonymous_21)
FN:212,(anonymous_22)
FN:216,(anonymous_23)
FN:221,(anonymous_24)
FN:242,(anonymous_25)
FNF:18
FNH:18
FNDA:31,(anonymous_7)
FNDA:31,(anonymous_8)
FNDA:30,(anonymous_9)
FNDA:334,(anonymous_10)
FNDA:30,(anonymous_11)
FNDA:334,(anonymous_12)
FNDA:369,(anonymous_13)
FNDA:4020,(anonymous_14)
FNDA:295,(anonymous_15)
FNDA:30,(anonymous_16)
FNDA:80,(anonymous_18)
FNDA:334,(anonymous_19)
FNDA:334,(anonymous_20)
FNDA:120,(anonymous_21)
FNDA:30,(anonymous_22)
FNDA:334,(anonymous_23)
FNDA:334,(anonymous_24)
FNDA:1,(anonymous_25)
DA:19,3
DA:24,31
DA:25,31
DA:29,31
DA:77,334
DA:99,30
DA:100,30
DA:102,30
DA:104,334
DA:106,369
DA:107,4020
DA:108,295
DA:111,369
DA:112,120
DA:113,120
DA:114,120
DA:123,120
DA:125,120
DA:126,120
DA:133,249
DA:134,249
DA:143,30
DA:147,30
DA:149,30
DA:150,30
DA:151,30
DA:154,80
DA:159,30
DA:161,334
DA:163,30
DA:164,30
DA:167,334
DA:168,334
DA:169,334
DA:175,30
DA:177,30
DA:178,30
DA:181,120
DA:182,120
DA:183,120
DA:189,30
DA:191,30
DA:198,0
DA:199,0
DA:200,0
DA:204,0
DA:206,30
DA:207,30
DA:213,30
DA:214,30
DA:215,30
DA:216,334
DA:217,30
DA:221,30
DA:222,334
DA:223,115
DA:229,30
DA:230,30
DA:232,30
DA:243,1
LF:60
LH:56
BRDA:23,0,0,0
BRDA:107,1,0,4020
BRDA:107,1,1,120
BRDA:108,2,0,0
BRDA:108,2,1,120
BRDA:108,3,0,120
BRDA:108,3,1,120
BRDA:111,4,0,120
BRDA:111,4,1,249
BRDA:113,5,0,120
BRDA:125,6,0,120
BRDA:133,7,0,249
BRDA:150,8,0,30
BRDA:163,9,0,30
BRDA:167,10,0,334
BRDA:167,10,1,0
BRDA:167,11,0,0
BRDA:167,11,1,334
BRDA:167,12,0,334
BRDA:167,12,1,334
BRDA:168,13,0,334
BRDA:168,13,1,80
BRDA:177,14,0,30
BRDA:181,15,0,0
BRDA:181,15,1,120
BRDA:181,16,0,120
BRDA:181,16,1,120
BRDA:181,17,0,0
BRDA:181,17,1,120
BRDA:181,18,0,120
BRDA:181,18,1,120
BRDA:182,19,0,120
BRDA:182,19,1,15
BRDA:198,20,0,0
BRDA:198,20,1,0
BRDA:222,21,0,115
BRDA:222,22,0,0
BRDA:222,22,1,334
BRDA:222,23,0,334
BRDA:222,23,1,334
BRDA:224,24,0,115
BRDA:224,24,1,55
BRF:42
BRH:33
end_of_record
TN:
SF:src\hooks\useSankeyData.ts
FN:27,(anonymous_7)
FN:34,(anonymous_8)
FN:35,(anonymous_9)
FN:35,(anonymous_10)
FN:41,(anonymous_11)
FN:52,(anonymous_12)
FN:54,(anonymous_13)
FN:98,(anonymous_14)
FNF:8
FNH:8
FNDA:44,(anonymous_7)
FNDA:25,(anonymous_8)
FNDA:25,(anonymous_9)
FNDA:25,(anonymous_10)
FNDA:65,(anonymous_11)
FNDA:65,(anonymous_12)
FNDA:249,(anonymous_13)
FNDA:249,(anonymous_14)
DA:1,2
DA:5,2
DA:6,2
DA:8,2
DA:27,2
DA:32,44
DA:34,44
DA:35,25
DA:36,25
DA:38,25
DA:41,65
DA:52,25
DA:53,65
DA:54,65
DA:55,249
DA:56,249
DA:57,249
DA:58,249
DA:60,249
DA:63,249
DA:66,249
DA:67,249
DA:71,249
DA:72,0
DA:76,249
DA:77,0
DA:81,249
DA:97,0
DA:98,249
DA:100,0
DA:104,25
DA:107,25
DA:110,25
DA:113,25
DA:114,4
DA:120,25
DA:123,0
DA:124,0
DA:125,0
DA:151,25
DA:154,44
LF:41
LH:34
BRDA:38,0,0,25
BRDA:38,0,1,0
BRDA:53,1,0,65
BRDA:53,2,0,65
BRDA:53,2,1,65
BRDA:53,3,0,0
BRDA:53,3,1,65
BRDA:53,4,0,65
BRDA:53,4,1,65
BRDA:57,5,0,0
BRDA:57,5,1,249
BRDA:57,6,0,249
BRDA:57,6,1,249
BRDA:58,7,0,0
BRDA:58,7,1,249
BRDA:58,8,0,249
BRDA:58,8,1,249
BRDA:60,9,0,249
BRDA:60,10,0,249
BRDA:60,10,1,249
BRDA:60,10,2,249
BRDA:66,11,0,249
BRDA:66,12,0,0
BRDA:66,12,1,249
BRDA:66,13,0,249
BRDA:66,13,1,249
BRDA:67,14,0,249
BRDA:67,14,1,38
BRDA:67,15,0,38
BRDA:67,15,1,211
BRDA:67,16,0,249
BRDA:67,16,1,249
BRDA:68,17,0,249
BRDA:68,17,1,249
BRDA:71,18,0,0
BRDA:71,19,0,249
BRDA:71,19,1,0
BRDA:71,20,0,249
BRDA:71,20,1,249
BRDA:72,21,0,0
BRDA:72,21,1,0
BRDA:72,22,0,0
BRDA:72,22,1,0
BRDA:72,23,0,0
BRDA:72,23,1,0
BRDA:73,24,0,0
BRDA:73,24,1,0
BRDA:76,25,0,0
BRDA:76,26,0,249
BRDA:76,26,1,0
BRDA:76,27,0,249
BRDA:76,27,1,249
BRDA:77,28,0,0
BRDA:77,28,1,0
BRDA:77,29,0,0
BRDA:77,29,1,0
BRDA:77,30,0,0
BRDA:77,30,1,0
BRDA:78,31,0,0
BRDA:78,31,1,0
BRDA:83,32,0,249
BRDA:83,32,1,0
BRDA:84,33,0,249
BRDA:84,33,1,0
BRDA:84,34,0,249
BRDA:84,34,1,249
BRDA:90,35,0,249
BRDA:90,35,1,0
BRDA:90,36,0,249
BRDA:90,36,1,249
BRDA:94,37,0,249
BRDA:94,37,1,0
BRDA:94,38,0,0
BRDA:94,38,1,249
BRDA:94,39,0,249
BRDA:94,39,1,249
BRDA:113,40,0,4
BRDA:124,41,0,0
BRDA:124,41,1,0
BRF:79
BRH:47
end_of_record
TN:
SF:src\services\SankeyDataService.ts
FN:4,(anonymous_0)
FN:6,(anonymous_1)
FN:11,(anonymous_2)
FN:14,(anonymous_3)
FN:25,(anonymous_4)
FN:40,(anonymous_5)
FN:55,(anonymous_6)
FN:56,(anonymous_7)
FN:67,(anonymous_8)
FN:69,(anonymous_9)
FN:82,(anonymous_10)
FN:83,(anonymous_11)
FN:86,(anonymous_12)
FN:90,(anonymous_13)
FNF:14
FNH:3
FNDA:4,(anonymous_0)
FNDA:60,(anonymous_1)
FNDA:12,(anonymous_2)
FNDA:0,(anonymous_3)
FNDA:0,(anonymous_4)
FNDA:0,(anonymous_5)
FNDA:0,(anonymous_6)
FNDA:0,(anonymous_7)
FNDA:0,(anonymous_8)
FNDA:0,(anonymous_9)
FNDA:0,(anonymous_10)
FNDA:0,(anonymous_11)
FNDA:0,(anonymous_12)
FNDA:0,(anonymous_13)
DA:3,2
DA:6,4
DA:7,60
DA:11,12
DA:14,4
DA:15,0
DA:18,4
DA:27,0
DA:28,0
DA:31,0
DA:32,0
DA:36,0
DA:40,0
DA:41,0
DA:46,0
DA:47,0
DA:51,0
DA:55,0
DA:56,0
DA:57,0
DA:63,0
DA:64,0
DA:68,0
DA:69,0
DA:76,0
DA:79,0
DA:83,0
DA:85,0
DA:86,0
DA:90,0
LF:30
LH:6
BRDA:7,0,0,0
BRDA:7,0,1,60
BRDA:7,1,0,60
BRDA:7,1,1,60
BRDA:15,2,0,0
BRDA:15,2,1,0
BRDA:27,3,0,0
BRDA:31,4,0,0
BRDA:31,5,0,0
BRDA:31,5,1,0
BRDA:41,6,0,0
BRDA:41,6,1,0
BRDA:41,6,2,0
BRDA:42,7,0,0
BRDA:42,7,1,0
BRDA:42,8,0,0
BRDA:42,8,1,0
BRDA:46,9,0,0
BRDA:57,10,0,0
BRDA:57,10,1,0
BRDA:57,10,2,0
BRDA:57,10,3,0
BRDA:63,11,0,0
BRDA:68,12,0,0
BRDA:68,12,1,0
BRF:25
BRH:3
end_of_record
